{"name":"hexo","hostname":"yue","pid":4868,"level":20,"msg":"Hexo version: \u001b[35m3.3.1\u001b[39m","time":"2017-04-26T21:03:35.630Z","v":0}
{"name":"hexo","hostname":"yue","pid":4868,"level":20,"msg":"Working directory: \u001b[35m~/Documents/hexo_next/\u001b[39m","time":"2017-04-26T21:03:35.632Z","v":0}
{"name":"hexo","hostname":"yue","pid":4868,"level":20,"msg":"Config loaded: \u001b[35m~/Documents/hexo_next/_config.yml\u001b[39m","time":"2017-04-26T21:03:35.696Z","v":0}
{"name":"hexo","hostname":"yue","pid":4868,"level":20,"msg":"Script loaded: \u001b[35mthemes/next/scripts/merge-configs.js\u001b[39m","time":"2017-04-26T21:03:35.707Z","v":0}
{"name":"hexo","hostname":"yue","pid":4868,"level":20,"msg":"Script loaded: \u001b[35mthemes/next/scripts/tags/button.js\u001b[39m","time":"2017-04-26T21:03:35.707Z","v":0}
{"name":"hexo","hostname":"yue","pid":4868,"level":20,"msg":"Script loaded: \u001b[35mthemes/next/scripts/tags/center-quote.js\u001b[39m","time":"2017-04-26T21:03:35.708Z","v":0}
{"name":"hexo","hostname":"yue","pid":4868,"level":20,"msg":"Script loaded: \u001b[35mthemes/next/scripts/tags/exturl.js\u001b[39m","time":"2017-04-26T21:03:35.708Z","v":0}
{"name":"hexo","hostname":"yue","pid":4868,"level":20,"msg":"Script loaded: \u001b[35mthemes/next/scripts/tags/full-image.js\u001b[39m","time":"2017-04-26T21:03:35.708Z","v":0}
{"name":"hexo","hostname":"yue","pid":4868,"level":20,"msg":"Script loaded: \u001b[35mthemes/next/scripts/tags/note.js\u001b[39m","time":"2017-04-26T21:03:35.709Z","v":0}
{"name":"hexo","hostname":"yue","pid":4868,"level":20,"msg":"Script loaded: \u001b[35mthemes/next/scripts/tags/group-pictures.js\u001b[39m","time":"2017-04-26T21:03:35.709Z","v":0}
{"name":"hexo","hostname":"yue","pid":4868,"level":20,"msg":"Script loaded: \u001b[35mthemes/next/scripts/merge.js\u001b[39m","time":"2017-04-26T21:03:35.711Z","v":0}
{"name":"hexo","hostname":"yue","pid":4868,"level":20,"msg":"Plugin loaded: \u001b[35mhexo-generator-archive\u001b[39m","time":"2017-04-26T21:03:35.713Z","v":0}
{"name":"hexo","hostname":"yue","pid":4868,"level":20,"msg":"Plugin loaded: \u001b[35mhexo-generator-category\u001b[39m","time":"2017-04-26T21:03:35.714Z","v":0}
{"name":"hexo","hostname":"yue","pid":4868,"level":20,"msg":"Plugin loaded: \u001b[35mhexo-generator-index\u001b[39m","time":"2017-04-26T21:03:35.715Z","v":0}
{"name":"hexo","hostname":"yue","pid":4868,"level":20,"msg":"Plugin loaded: \u001b[35mhexo-generator-tag\u001b[39m","time":"2017-04-26T21:03:35.715Z","v":0}
{"name":"hexo","hostname":"yue","pid":4868,"level":20,"msg":"Plugin loaded: \u001b[35mhexo-renderer-ejs\u001b[39m","time":"2017-04-26T21:03:35.716Z","v":0}
{"name":"hexo","hostname":"yue","pid":4868,"level":20,"msg":"Plugin loaded: \u001b[35mhexo-renderer-stylus\u001b[39m","time":"2017-04-26T21:03:35.717Z","v":0}
{"name":"hexo","hostname":"yue","pid":4868,"level":20,"msg":"Plugin loaded: \u001b[35mhexo-renderer-marked\u001b[39m","time":"2017-04-26T21:03:35.720Z","v":0}
{"name":"hexo","hostname":"yue","pid":4868,"level":20,"msg":"Plugin loaded: \u001b[35mhexo-server\u001b[39m","time":"2017-04-26T21:03:35.757Z","v":0}
{"name":"hexo","hostname":"yue","pid":4868,"level":20,"msg":"Database saved","time":"2017-04-26T21:03:35.761Z","v":0}
